<?xml version="1.0" encoding="UTF-8"?>
<!-- Generated by org.testng.reporters.JUnitReportReporter -->
<testsuite hostname="MSI" failures="0" tests="1" name="firstAutomationTest.AutoTest_1" time="9.539" errors="0" timestamp="2023-07-24T17:21:06 ICT" skipped="0">
  <testcase classname="firstAutomationTest.AutoTest_1" name="Test1" time="9.539"/>
</testsuite> <!-- firstAutomationTest.AutoTest_1 -->
