<?xml version="1.0" encoding="UTF-8"?>
<!-- Generated by org.testng.reporters.JUnitReportReporter -->
<testsuite hostname="MSI" failures="0" tests="4" name="tests.LoginTests" time="29.217" errors="0" timestamp="2023-08-11T15:48:29 ICT" skipped="0">
  <testcase classname="tests.LoginTests" name="VerifyLoginFunction" time="8.987"/>
  <testcase classname="tests.LoginTests" name="VerifyLoginFunction" time="11.512"/>
  <testcase classname="tests.LoginTests" name="VerifyLoginFunction" time="4.214"/>
  <testcase classname="tests.LoginTests" name="VerifyLoginFunction" time="4.504"/>
</testsuite> <!-- tests.LoginTests -->
